<?xml version="1.0" encoding="UTF-8"?>
<!-- Generated by org.testng.reporters.JUnitXMLReporter -->
<testsuite hostname="Nikhil314521801" ignored="0" name="Hub Spot regression suite" tests="3" failures="0" timestamp="2020-05-15T20:27:21 IST" time="44.736" errors="0">
  <testcase name="verifyLoginPageTitleTest" time="0.086" classname="com.qa.hubspot.tests.LoginPageTest"/>
  <testcase name="verifysignUpLinkTest" time="0.131" classname="com.qa.hubspot.tests.LoginPageTest"/>
  <testcase name="loginTest" time="3.758" classname="com.qa.hubspot.tests.LoginPageTest"/>
</testsuite> <!-- Hub Spot regression suite -->
