<?xml version="1.0" encoding="UTF-8"?>
<!-- Generated by org.testng.reporters.JUnitXMLReporter -->
<testsuite hostname="Nikhil314521801" ignored="0" name="Default test" tests="5" failures="0" timestamp="2020-05-09T20:17:30 IST" time="122.071" errors="0">
  <testcase name="verifyContactsPageTitletest" time="0.617" classname="com.qa.hubspot.tests.ContactsPageTest$HomePageTest"/>
  <testcase name="createContactTest" time="4.561" classname="com.qa.hubspot.tests.ContactsPageTest$HomePageTest"/>
  <testcase name="createContactTest" time="4.294" classname="com.qa.hubspot.tests.ContactsPageTest$HomePageTest"/>
  <testcase name="createContactTest" time="5.512" classname="com.qa.hubspot.tests.ContactsPageTest$HomePageTest"/>
  <testcase name="createContactTest" time="5.88" classname="com.qa.hubspot.tests.ContactsPageTest$HomePageTest"/>
</testsuite> <!-- Default test -->
