<?xml version="1.0" encoding="UTF-8"?>
<!-- Generated by org.testng.reporters.JUnitXMLReporter -->
<testsuite hostname="Nikhil314521801" ignored="0" name="Default test" tests="3" failures="0" timestamp="2020-05-15T20:25:02 IST" time="43.67" errors="0">
  <testcase name="verifyLoginPageTitleTest" time="0.08" classname="com.qa.hubspot.tests.LoginPageTest"/>
  <testcase name="verifysignUpLinkTest" time="0.106" classname="com.qa.hubspot.tests.LoginPageTest"/>
  <testcase name="loginTest" time="4.201" classname="com.qa.hubspot.tests.LoginPageTest"/>
</testsuite> <!-- Default test -->
