<?xml version="1.0" encoding="UTF-8"?>
<testng-results skipped="0" failed="0" ignored="0" total="3" passed="3">
  <reporter-output>
  </reporter-output>
  <suite name="HUB Spot Test Suite" duration-ms="43915" started-at="2020-05-15T20:25:24 IST" finished-at="2020-05-15T20:26:08 IST">
    <groups>
    </groups>
    <test name="Hub Spot regression suite" duration-ms="43915" started-at="2020-05-15T20:25:24 IST" finished-at="2020-05-15T20:26:08 IST">
      <class name="com.qa.hubspot.tests.LoginPageTest">
        <test-method status="PASS" signature="setUP()[pri:0, instance:com.qa.hubspot.tests.LoginPageTest@2a49fe]" name="setUP" is-config="true" duration-ms="13558" started-at="2020-05-15T20:25:24 IST" finished-at="2020-05-15T20:25:37 IST">
          <reporter-output>
          </reporter-output>
        </test-method> <!-- setUP -->
        <test-method status="PASS" signature="verifyLoginPageTitleTest()[pri:1, instance:com.qa.hubspot.tests.LoginPageTest@2a49fe]" name="verifyLoginPageTitleTest" duration-ms="98" started-at="2020-05-15T20:25:37 IST" finished-at="2020-05-15T20:25:38 IST">
          <reporter-output>
          </reporter-output>
        </test-method> <!-- verifyLoginPageTitleTest -->
        <test-method status="PASS" signature="tearDown()[pri:0, instance:com.qa.hubspot.tests.LoginPageTest@2a49fe]" name="tearDown" is-config="true" duration-ms="928" started-at="2020-05-15T20:25:38 IST" finished-at="2020-05-15T20:25:39 IST">
          <reporter-output>
          </reporter-output>
        </test-method> <!-- tearDown -->
        <test-method status="PASS" signature="setUP()[pri:0, instance:com.qa.hubspot.tests.LoginPageTest@2a49fe]" name="setUP" is-config="true" duration-ms="11805" started-at="2020-05-15T20:25:39 IST" finished-at="2020-05-15T20:25:50 IST">
          <reporter-output>
          </reporter-output>
        </test-method> <!-- setUP -->
        <test-method status="PASS" signature="verifysignUpLinkTest()[pri:2, instance:com.qa.hubspot.tests.LoginPageTest@2a49fe]" name="verifysignUpLinkTest" duration-ms="96" started-at="2020-05-15T20:25:50 IST" finished-at="2020-05-15T20:25:50 IST">
          <reporter-output>
          </reporter-output>
        </test-method> <!-- verifysignUpLinkTest -->
        <test-method status="PASS" signature="tearDown()[pri:0, instance:com.qa.hubspot.tests.LoginPageTest@2a49fe]" name="tearDown" is-config="true" duration-ms="887" started-at="2020-05-15T20:25:50 IST" finished-at="2020-05-15T20:25:51 IST">
          <reporter-output>
          </reporter-output>
        </test-method> <!-- tearDown -->
        <test-method status="PASS" signature="setUP()[pri:0, instance:com.qa.hubspot.tests.LoginPageTest@2a49fe]" name="setUP" is-config="true" duration-ms="11595" started-at="2020-05-15T20:25:51 IST" finished-at="2020-05-15T20:26:03 IST">
          <reporter-output>
          </reporter-output>
        </test-method> <!-- setUP -->
        <test-method status="PASS" signature="loginTest()[pri:3, instance:com.qa.hubspot.tests.LoginPageTest@2a49fe]" name="loginTest" duration-ms="3781" started-at="2020-05-15T20:26:03 IST" finished-at="2020-05-15T20:26:07 IST">
          <reporter-output>
          </reporter-output>
        </test-method> <!-- loginTest -->
        <test-method status="PASS" signature="tearDown()[pri:0, instance:com.qa.hubspot.tests.LoginPageTest@2a49fe]" name="tearDown" is-config="true" duration-ms="835" started-at="2020-05-15T20:26:07 IST" finished-at="2020-05-15T20:26:08 IST">
          <reporter-output>
          </reporter-output>
        </test-method> <!-- tearDown -->
      </class> <!-- com.qa.hubspot.tests.LoginPageTest -->
    </test> <!-- Hub Spot regression suite -->
  </suite> <!-- HUB Spot Test Suite -->
</testng-results>
