<?xml version="1.0" encoding="UTF-8"?>
<!-- Generated by org.testng.reporters.JUnitXMLReporter -->
<testsuite hostname="Nikhil314521801" ignored="0" name="Hub Spot regression suite" tests="11" failures="0" timestamp="2020-05-09T20:47:33 IST" time="206.983" errors="0">
  <testcase name="verifyContactsPageTitletest" time="0.722" classname="com.qa.hubspot.tests.ContactsPageTest$HomePageTest"/>
  <testcase name="verifyLoginPageTitleTest" time="0.013" classname="com.qa.hubspot.tests.LoginPageTest"/>
  <testcase name="createContactTest" time="5.519" classname="com.qa.hubspot.tests.ContactsPageTest$HomePageTest"/>
  <testcase name="createContactTest" time="4.877" classname="com.qa.hubspot.tests.ContactsPageTest$HomePageTest"/>
  <testcase name="createContactTest" time="5.14" classname="com.qa.hubspot.tests.ContactsPageTest$HomePageTest"/>
  <testcase name="createContactTest" time="6.058" classname="com.qa.hubspot.tests.ContactsPageTest$HomePageTest"/>
  <testcase name="verifysignUpLinkTest" time="0.117" classname="com.qa.hubspot.tests.LoginPageTest"/>
  <testcase name="loginTest" time="3.949" classname="com.qa.hubspot.tests.LoginPageTest"/>
  <testcase name="verifyHomePageTitleTest" time="0.048" classname="com.qa.hubspot.tests.HomePageTest"/>
  <testcase name="verifyHomepageHeaderTest" time="0.233" classname="com.qa.hubspot.tests.HomePageTest"/>
  <testcase name="verifyLoggedInUserTest" time="0.165" classname="com.qa.hubspot.tests.HomePageTest"/>
</testsuite> <!-- Hub Spot regression suite -->
